<?xml version="1.0" encoding="UTF-8"?>
<!-- Generated by org.testng.reporters.JUnitReportReporter -->
<testsuite skipped="0" hostname="Kents-MacBook-Pro.local" name="ApiTest" tests="2" failures="0" timestamp="2021-12-03T03:44:22 WIB" time="2.776" errors="0">
  <testcase name="testPost" time="0.727" classname="ApiTest"/>
  <system-out/>
  <testcase name="testGet" time="2.049" classname="ApiTest"/>
  <system-out/>
</testsuite> <!-- ApiTest -->
