<?xml version="1.0" encoding="UTF-8"?>
<!-- Generated by org.testng.reporters.JUnitReportReporter -->
<testsuite skipped="0" hostname="Kents-MacBook-Pro.local" name="ApiTest" tests="2" failures="0" timestamp="2021-12-06T11:19:43 WIB" time="3.057" errors="0">
  <testcase name="testPost" time="0.814" classname="ApiTest"/>
  <system-out/>
  <testcase name="testGet" time="2.243" classname="ApiTest"/>
  <system-out/>
</testsuite> <!-- ApiTest -->
